# JRE version: Java(TM) SE Runtime Environment (17.0.7+8) (build 17.0.7+8-LTS-224)
# Java VM: Java HotSpot(TM) 64-Bit Server VM (17.0.7+8-LTS-224, mixed mode, sharing, tiered, compressed oops, compressed class ptrs, g1 gc, windows-amd64)
GC Precious Log:
 CPUs: 16 total, 16 available
 Memory: 7966M
 Large Page Support: Disabled
 NUMA Support: Disabled
 Compressed Oops: Enabled (32-bit)
 Heap Region Size: 1M
 Heap Min Capacity: 8M
 Heap Initial Capacity: 126M
 Heap Max Capacity: 1992M
 Pre-touch: Disabled
 Parallel Workers: 13
 Concurrent Workers: 3
 Concurrent Refinement Workers: 13
 Periodic GC: Disabled
Heap:
 garbage-first heap   total 75776K, used 20281K [0x0000000083800000, 0x0000000100000000)
  region size 1024K, 2 young (2048K), 2 survivors (2048K)
 Metaspace       used 49205K, committed 49664K, reserved 1097728K
  class space    used 6484K, committed 6720K, reserved 1048576K
GC Heap History (20 events):
Event: 0.858 GC heap after
{Heap after GC invocations=1 (full 0):
 garbage-first heap   total 129024K, used 6525K [0x0000000083800000, 0x0000000100000000)
  region size 1024K, 3 young (3072K), 3 survivors (3072K)
 Metaspace       used 6250K, committed 6464K, reserved 1056768K
  class space    used 736K, committed 832K, reserved 1048576K
}
Event: 1.223 GC heap before
{Heap before GC invocations=1 (full 0):
 garbage-first heap   total 129024K, used 34173K [0x0000000083800000, 0x0000000100000000)
  region size 1024K, 31 young (31744K), 3 survivors (3072K)
 Metaspace       used 13314K, committed 13504K, reserved 1064960K
  class space    used 1603K, committed 1664K, reserved 1048576K
}
Event: 1.230 GC heap after
{Heap after GC invocations=2 (full 0):
 garbage-first heap   total 129024K, used 8899K [0x0000000083800000, 0x0000000100000000)
  region size 1024K, 3 young (3072K), 3 survivors (3072K)
 Metaspace       used 13314K, committed 13504K, reserved 1064960K
  class space    used 1603K, committed 1664K, reserved 1048576K
}
Event: 3.142 GC heap before
{Heap before GC invocations=2 (full 0):
 garbage-first heap   total 129024K, used 58051K [0x0000000083800000, 0x0000000100000000)
  region size 1024K, 53 young (54272K), 3 survivors (3072K)
 Metaspace       used 21235K, committed 21504K, reserved 1073152K
  class space    used 2638K, committed 2752K, reserved 1048576K
}
Event: 3.164 GC heap after
{Heap after GC invocations=3 (full 0):
 garbage-first heap   total 129024K, used 12505K [0x0000000083800000, 0x0000000100000000)
  region size 1024K, 6 young (6144K), 6 survivors (6144K)
 Metaspace       used 21235K, committed 21504K, reserved 1073152K
  class space    used 2638K, committed 2752K, reserved 1048576K
}
Event: 4.092 GC heap before
{Heap before GC invocations=4 (full 0):
 garbage-first heap   total 48128K, used 35033K [0x0000000083800000, 0x0000000100000000)
  region size 1024K, 28 young (28672K), 6 survivors (6144K)
 Metaspace       used 26602K, committed 26944K, reserved 1073152K
  class space    used 3365K, committed 3520K, reserved 1048576K
}
Event: 4.111 GC heap after
{Heap after GC invocations=5 (full 0):
 garbage-first heap   total 48128K, used 15742K [0x0000000083800000, 0x0000000100000000)
  region size 1024K, 4 young (4096K), 4 survivors (4096K)
 Metaspace       used 26602K, committed 26944K, reserved 1073152K
  class space    used 3365K, committed 3520K, reserved 1048576K
}
Event: 4.129 GC heap before
{Heap before GC invocations=5 (full 0):
 garbage-first heap   total 48128K, used 15742K [0x0000000083800000, 0x0000000100000000)
  region size 1024K, 5 young (5120K), 4 survivors (4096K)
 Metaspace       used 26636K, committed 26944K, reserved 1073152K
  class space    used 3366K, committed 3520K, reserved 1048576K
}
Event: 4.139 GC heap after
{Heap after GC invocations=6 (full 0):
 garbage-first heap   total 48128K, used 15939K [0x0000000083800000, 0x0000000100000000)
  region size 1024K, 1 young (1024K), 1 survivors (1024K)
 Metaspace       used 26636K, committed 26944K, reserved 1073152K
  class space    used 3366K, committed 3520K, reserved 1048576K
}
Event: 4.716 GC heap before
{Heap before GC invocations=6 (full 0):
 garbage-first heap   total 48128K, used 33347K [0x0000000083800000, 0x0000000100000000)
  region size 1024K, 19 young (19456K), 1 survivors (1024K)
 Metaspace       used 30265K, committed 30720K, reserved 1081344K
  class space    used 3872K, committed 4096K, reserved 1048576K
}
Event: 4.720 GC heap after
{Heap after GC invocations=7 (full 0):
 garbage-first heap   total 48128K, used 16380K [0x0000000083800000, 0x0000000100000000)
  region size 1024K, 2 young (2048K), 2 survivors (2048K)
 Metaspace       used 30265K, committed 30720K, reserved 1081344K
  class space    used 3872K, committed 4096K, reserved 1048576K
}
Event: 5.402 GC heap before
{Heap before GC invocations=7 (full 0):
 garbage-first heap   total 48128K, used 33788K [0x0000000083800000, 0x0000000100000000)
  region size 1024K, 20 young (20480K), 2 survivors (2048K)
 Metaspace       used 35256K, committed 35712K, reserved 1081344K
  class space    used 4578K, committed 4800K, reserved 1048576K
}
Event: 5.406 GC heap after
{Heap after GC invocations=8 (full 0):
 garbage-first heap   total 48128K, used 17546K [0x0000000083800000, 0x0000000100000000)
  region size 1024K, 3 young (3072K), 3 survivors (3072K)
 Metaspace       used 35256K, committed 35712K, reserved 1081344K
  class space    used 4578K, committed 4800K, reserved 1048576K
}
Event: 5.440 GC heap before
{Heap before GC invocations=8 (full 0):
 garbage-first heap   total 48128K, used 18570K [0x0000000083800000, 0x0000000100000000)
  region size 1024K, 5 young (5120K), 3 survivors (3072K)
 Metaspace       used 35624K, committed 35968K, reserved 1081344K
  class space    used 4621K, committed 4800K, reserved 1048576K
}
Event: 5.444 GC heap after
{Heap after GC invocations=9 (full 0):
 garbage-first heap   total 48128K, used 17683K [0x0000000083800000, 0x0000000100000000)
  region size 1024K, 2 young (2048K), 2 survivors (2048K)
 Metaspace       used 35624K, committed 35968K, reserved 1081344K
  class space    used 4621K, committed 4800K, reserved 1048576K
}
Event: 6.323 GC heap before
{Heap before GC invocations=10 (full 0):
 garbage-first heap   total 48128K, used 37139K [0x0000000083800000, 0x0000000100000000)
  region size 1024K, 21 young (21504K), 2 survivors (2048K)
 Metaspace       used 43752K, committed 44224K, reserved 1089536K
  class space    used 5687K, committed 5888K, reserved 1048576K
}
Event: 6.327 GC heap after
{Heap after GC invocations=11 (full 0):
 garbage-first heap   total 48128K, used 19446K [0x0000000083800000, 0x0000000100000000)
  region size 1024K, 3 young (3072K), 3 survivors (3072K)
 Metaspace       used 43752K, committed 44224K, reserved 1089536K
  class space    used 5687K, committed 5888K, reserved 1048576K
}
Event: 6.345 GC heap before
{Heap before GC invocations=11 (full 0):
 garbage-first heap   total 48128K, used 20470K [0x0000000083800000, 0x0000000100000000)
  region size 1024K, 4 young (4096K), 3 survivors (3072K)
 Metaspace       used 43955K, committed 44416K, reserved 1089536K
  class space    used 5706K, committed 5952K, reserved 1048576K
}
Event: 6.349 GC heap after
{Heap after GC invocations=12 (full 0):
 garbage-first heap   total 48128K, used 19735K [0x0000000083800000, 0x0000000100000000)
  region size 1024K, 1 young (1024K), 1 survivors (1024K)
 Metaspace       used 43955K, committed 44416K, reserved 1089536K
  class space    used 5706K, committed 5952K, reserved 1048576K
}
Event: 6.673 GC heap before
{Heap before GC invocations=12 (full 0):
 garbage-first heap   total 48128K, used 37143K [0x0000000083800000, 0x0000000100000000)
  region size 1024K, 18 young (18432K), 1 survivors (1024K)
 Metaspace       used 49205K, committed 49664K, reserved 1097728K
  class space    used 6484K, committed 6720K, reserved 1048576K
}

